<?xml version="1.0" encoding="UTF-8"?>
<testsuite xmlns:xsi="http://www.w3.org/2001/XMLSchema-instance" xsi:noNamespaceSchemaLocation="https://maven.apache.org/surefire/maven-surefire-plugin/xsd/surefire-test-report.xsd" name="com.example.springbootbackend.SpringbootBackendApplicationTests" time="7.348" tests="1" errors="0" skipped="0" failures="0">
  <properties>
    <property name="sun.desktop" value="gnome"/>
    <property name="awt.toolkit" value="sun.awt.X11.XToolkit"/>
    <property name="java.specification.version" value="11"/>
    <property name="sun.cpu.isalist" value=""/>
    <property name="sun.jnu.encoding" value="UTF-8"/>
    <property name="java.class.path" value="/home/lamija/Documents/FAKULTET_MASTER/4_semestar/BloodDonation-backend/target/test-classes:/home/lamija/Documents/FAKULTET_MASTER/4_semestar/BloodDonation-backend/target/classes:/home/lamija/.m2/repository/org/springframework/boot/spring-boot-starter-data-jpa/2.4.9/spring-boot-starter-data-jpa-2.4.9.jar:/home/lamija/.m2/repository/org/springframework/boot/spring-boot-starter-aop/2.4.9/spring-boot-starter-aop-2.4.9.jar:/home/lamija/.m2/repository/org/aspectj/aspectjweaver/1.9.7/aspectjweaver-1.9.7.jar:/home/lamija/.m2/repository/org/springframework/boot/spring-boot-starter-jdbc/2.4.9/spring-boot-starter-jdbc-2.4.9.jar:/home/lamija/.m2/repository/com/zaxxer/HikariCP/3.4.5/HikariCP-3.4.5.jar:/home/lamija/.m2/repository/org/springframework/spring-jdbc/5.3.9/spring-jdbc-5.3.9.jar:/home/lamija/.m2/repository/jakarta/transaction/jakarta.transaction-api/1.3.3/jakarta.transaction-api-1.3.3.jar:/home/lamija/.m2/repository/jakarta/persistence/jakarta.persistence-api/2.2.3/jakarta.persistence-api-2.2.3.jar:/home/lamija/.m2/repository/org/hibernate/hibernate-core/5.4.32.Final/hibernate-core-5.4.32.Final.jar:/home/lamija/.m2/repository/org/jboss/logging/jboss-logging/3.4.2.Final/jboss-logging-3.4.2.Final.jar:/home/lamija/.m2/repository/org/javassist/javassist/3.27.0-GA/javassist-3.27.0-GA.jar:/home/lamija/.m2/repository/net/bytebuddy/byte-buddy/1.10.22/byte-buddy-1.10.22.jar:/home/lamija/.m2/repository/antlr/antlr/2.7.7/antlr-2.7.7.jar:/home/lamija/.m2/repository/org/jboss/jandex/2.2.3.Final/jandex-2.2.3.Final.jar:/home/lamija/.m2/repository/com/fasterxml/classmate/1.5.1/classmate-1.5.1.jar:/home/lamija/.m2/repository/org/dom4j/dom4j/2.1.3/dom4j-2.1.3.jar:/home/lamija/.m2/repository/org/hibernate/common/hibernate-commons-annotations/5.1.2.Final/hibernate-commons-annotations-5.1.2.Final.jar:/home/lamija/.m2/repository/org/glassfish/jaxb/jaxb-runtime/2.3.4/jaxb-runtime-2.3.4.jar:/home/lamija/.m2/repository/org/glassfish/jaxb/txw2/2.3.4/txw2-2.3.4.jar:/home/lamija/.m2/repository/com/sun/istack/istack-commons-runtime/3.0.12/istack-commons-runtime-3.0.12.jar:/home/lamija/.m2/repository/com/sun/activation/jakarta.activation/1.2.2/jakarta.activation-1.2.2.jar:/home/lamija/.m2/repository/org/springframework/data/spring-data-jpa/2.4.11/spring-data-jpa-2.4.11.jar:/home/lamija/.m2/repository/org/springframework/data/spring-data-commons/2.4.11/spring-data-commons-2.4.11.jar:/home/lamija/.m2/repository/org/springframework/spring-orm/5.3.9/spring-orm-5.3.9.jar:/home/lamija/.m2/repository/org/springframework/spring-tx/5.3.9/spring-tx-5.3.9.jar:/home/lamija/.m2/repository/org/springframework/spring-aspects/5.3.9/spring-aspects-5.3.9.jar:/home/lamija/.m2/repository/org/springframework/boot/spring-boot-starter-web/2.4.9/spring-boot-starter-web-2.4.9.jar:/home/lamija/.m2/repository/org/springframework/boot/spring-boot-starter/2.4.9/spring-boot-starter-2.4.9.jar:/home/lamija/.m2/repository/org/springframework/boot/spring-boot-starter-logging/2.4.9/spring-boot-starter-logging-2.4.9.jar:/home/lamija/.m2/repository/ch/qos/logback/logback-classic/1.2.4/logback-classic-1.2.4.jar:/home/lamija/.m2/repository/ch/qos/logback/logback-core/1.2.4/logback-core-1.2.4.jar:/home/lamija/.m2/repository/org/apache/logging/log4j/log4j-to-slf4j/2.13.3/log4j-to-slf4j-2.13.3.jar:/home/lamija/.m2/repository/org/apache/logging/log4j/log4j-api/2.13.3/log4j-api-2.13.3.jar:/home/lamija/.m2/repository/org/slf4j/jul-to-slf4j/1.7.32/jul-to-slf4j-1.7.32.jar:/home/lamija/.m2/repository/jakarta/annotation/jakarta.annotation-api/1.3.5/jakarta.annotation-api-1.3.5.jar:/home/lamija/.m2/repository/org/yaml/snakeyaml/1.27/snakeyaml-1.27.jar:/home/lamija/.m2/repository/org/springframework/boot/spring-boot-starter-json/2.4.9/spring-boot-starter-json-2.4.9.jar:/home/lamija/.m2/repository/com/fasterxml/jackson/datatype/jackson-datatype-jdk8/2.11.4/jackson-datatype-jdk8-2.11.4.jar:/home/lamija/.m2/repository/com/fasterxml/jackson/datatype/jackson-datatype-jsr310/2.11.4/jackson-datatype-jsr310-2.11.4.jar:/home/lamija/.m2/repository/com/fasterxml/jackson/module/jackson-module-parameter-names/2.11.4/jackson-module-parameter-names-2.11.4.jar:/home/lamija/.m2/repository/org/springframework/boot/spring-boot-starter-tomcat/2.4.9/spring-boot-starter-tomcat-2.4.9.jar:/home/lamija/.m2/repository/org/apache/tomcat/embed/tomcat-embed-core/9.0.50/tomcat-embed-core-9.0.50.jar:/home/lamija/.m2/repository/org/glassfish/jakarta.el/3.0.3/jakarta.el-3.0.3.jar:/home/lamija/.m2/repository/org/apache/tomcat/embed/tomcat-embed-websocket/9.0.50/tomcat-embed-websocket-9.0.50.jar:/home/lamija/.m2/repository/org/springframework/spring-web/5.3.9/spring-web-5.3.9.jar:/home/lamija/.m2/repository/org/springframework/spring-webmvc/5.3.9/spring-webmvc-5.3.9.jar:/home/lamija/.m2/repository/org/springframework/spring-expression/5.3.9/spring-expression-5.3.9.jar:/home/lamija/.m2/repository/org/springframework/boot/spring-boot-devtools/2.4.9/spring-boot-devtools-2.4.9.jar:/home/lamija/.m2/repository/org/springframework/boot/spring-boot/2.4.9/spring-boot-2.4.9.jar:/home/lamija/.m2/repository/org/springframework/boot/spring-boot-autoconfigure/2.4.9/spring-boot-autoconfigure-2.4.9.jar:/home/lamija/.m2/repository/com/h2database/h2/1.4.200/h2-1.4.200.jar:/home/lamija/.m2/repository/org/springframework/boot/spring-boot-starter-test/2.4.9/spring-boot-starter-test-2.4.9.jar:/home/lamija/.m2/repository/org/springframework/boot/spring-boot-test/2.4.9/spring-boot-test-2.4.9.jar:/home/lamija/.m2/repository/org/springframework/boot/spring-boot-test-autoconfigure/2.4.9/spring-boot-test-autoconfigure-2.4.9.jar:/home/lamija/.m2/repository/com/jayway/jsonpath/json-path/2.4.0/json-path-2.4.0.jar:/home/lamija/.m2/repository/jakarta/xml/bind/jakarta.xml.bind-api/2.3.3/jakarta.xml.bind-api-2.3.3.jar:/home/lamija/.m2/repository/jakarta/activation/jakarta.activation-api/1.2.2/jakarta.activation-api-1.2.2.jar:/home/lamija/.m2/repository/org/assertj/assertj-core/3.18.1/assertj-core-3.18.1.jar:/home/lamija/.m2/repository/org/hamcrest/hamcrest/2.2/hamcrest-2.2.jar:/home/lamija/.m2/repository/org/junit/jupiter/junit-jupiter/5.7.2/junit-jupiter-5.7.2.jar:/home/lamija/.m2/repository/org/junit/jupiter/junit-jupiter-api/5.7.2/junit-jupiter-api-5.7.2.jar:/home/lamija/.m2/repository/org/apiguardian/apiguardian-api/1.1.0/apiguardian-api-1.1.0.jar:/home/lamija/.m2/repository/org/opentest4j/opentest4j/1.2.0/opentest4j-1.2.0.jar:/home/lamija/.m2/repository/org/junit/platform/junit-platform-commons/1.7.2/junit-platform-commons-1.7.2.jar:/home/lamija/.m2/repository/org/junit/jupiter/junit-jupiter-params/5.7.2/junit-jupiter-params-5.7.2.jar:/home/lamija/.m2/repository/org/junit/jupiter/junit-jupiter-engine/5.7.2/junit-jupiter-engine-5.7.2.jar:/home/lamija/.m2/repository/org/junit/platform/junit-platform-engine/1.7.2/junit-platform-engine-1.7.2.jar:/home/lamija/.m2/repository/org/mockito/mockito-core/3.6.28/mockito-core-3.6.28.jar:/home/lamija/.m2/repository/net/bytebuddy/byte-buddy-agent/1.10.22/byte-buddy-agent-1.10.22.jar:/home/lamija/.m2/repository/org/objenesis/objenesis/3.1/objenesis-3.1.jar:/home/lamija/.m2/repository/org/mockito/mockito-junit-jupiter/3.6.28/mockito-junit-jupiter-3.6.28.jar:/home/lamija/.m2/repository/org/skyscreamer/jsonassert/1.5.0/jsonassert-1.5.0.jar:/home/lamija/.m2/repository/com/vaadin/external/google/android-json/0.0.20131108.vaadin1/android-json-0.0.20131108.vaadin1.jar:/home/lamija/.m2/repository/org/springframework/spring-core/5.3.9/spring-core-5.3.9.jar:/home/lamija/.m2/repository/org/springframework/spring-jcl/5.3.9/spring-jcl-5.3.9.jar:/home/lamija/.m2/repository/org/springframework/spring-test/5.3.9/spring-test-5.3.9.jar:/home/lamija/.m2/repository/org/xmlunit/xmlunit-core/2.7.0/xmlunit-core-2.7.0.jar:/home/lamija/.m2/repository/com/v-collaborate/validation.constraints/1.3.0/validation.constraints-1.3.0.jar:/home/lamija/.m2/repository/joda-time/joda-time/2.7/joda-time-2.7.jar:/home/lamija/.m2/repository/javax/validation/validation-api/2.0.1.Final/validation-api-2.0.1.Final.jar:/home/lamija/.m2/repository/org/springframework/hateoas/spring-hateoas/1.3.3/spring-hateoas-1.3.3.jar:/home/lamija/.m2/repository/org/springframework/spring-aop/5.3.9/spring-aop-5.3.9.jar:/home/lamija/.m2/repository/org/springframework/spring-beans/5.3.9/spring-beans-5.3.9.jar:/home/lamija/.m2/repository/org/springframework/spring-context/5.3.9/spring-context-5.3.9.jar:/home/lamija/.m2/repository/org/springframework/plugin/spring-plugin-core/2.0.0.RELEASE/spring-plugin-core-2.0.0.RELEASE.jar:/home/lamija/.m2/repository/net/minidev/json-smart/2.3.1/json-smart-2.3.1.jar:/home/lamija/.m2/repository/net/minidev/accessors-smart/2.3.1/accessors-smart-2.3.1.jar:/home/lamija/.m2/repository/org/ow2/asm/asm/5.0.4/asm-5.0.4.jar:/home/lamija/.m2/repository/org/slf4j/slf4j-api/1.7.32/slf4j-api-1.7.32.jar:/home/lamija/.m2/repository/org/springframework/boot/spring-boot-starter-security/2.4.9/spring-boot-starter-security-2.4.9.jar:/home/lamija/.m2/repository/org/springframework/security/spring-security-config/5.4.7/spring-security-config-5.4.7.jar:/home/lamija/.m2/repository/org/springframework/security/spring-security-core/5.4.7/spring-security-core-5.4.7.jar:/home/lamija/.m2/repository/org/springframework/security/spring-security-web/5.4.7/spring-security-web-5.4.7.jar:/home/lamija/.m2/repository/io/jsonwebtoken/jjwt/0.9.1/jjwt-0.9.1.jar:/home/lamija/.m2/repository/com/fasterxml/jackson/core/jackson-databind/2.11.4/jackson-databind-2.11.4.jar:/home/lamija/.m2/repository/com/fasterxml/jackson/core/jackson-annotations/2.11.4/jackson-annotations-2.11.4.jar:/home/lamija/.m2/repository/com/fasterxml/jackson/core/jackson-core/2.11.4/jackson-core-2.11.4.jar:/home/lamija/.m2/repository/javax/xml/bind/jaxb-api/2.3.0/jaxb-api-2.3.0.jar:"/>
    <property name="java.vm.vendor" value="Ubuntu"/>
    <property name="sun.arch.data.model" value="64"/>
    <property name="java.vendor.url" value="https://ubuntu.com/"/>
    <property name="user.timezone" value=""/>
    <property name="java.vm.specification.version" value="11"/>
    <property name="os.name" value="Linux"/>
    <property name="sun.java.launcher" value="SUN_STANDARD"/>
    <property name="user.country" value="US"/>
    <property name="sun.boot.library.path" value="/usr/lib/jvm/java-11-openjdk-amd64/lib"/>
    <property name="sun.java.command" value="/home/lamija/Documents/FAKULTET_MASTER/4_semestar/BloodDonation-backend/target/surefire/surefirebooter10194902891447375827.jar /home/lamija/Documents/FAKULTET_MASTER/4_semestar/BloodDonation-backend/target/surefire 2021-09-10T15-54-11_514-jvmRun1 surefire6077556693962985950tmp surefire_06887999491086696692tmp"/>
    <property name="jdk.debug" value="release"/>
    <property name="surefire.test.class.path" value="/home/lamija/Documents/FAKULTET_MASTER/4_semestar/BloodDonation-backend/target/test-classes:/home/lamija/Documents/FAKULTET_MASTER/4_semestar/BloodDonation-backend/target/classes:/home/lamija/.m2/repository/org/springframework/boot/spring-boot-starter-data-jpa/2.4.9/spring-boot-starter-data-jpa-2.4.9.jar:/home/lamija/.m2/repository/org/springframework/boot/spring-boot-starter-aop/2.4.9/spring-boot-starter-aop-2.4.9.jar:/home/lamija/.m2/repository/org/aspectj/aspectjweaver/1.9.7/aspectjweaver-1.9.7.jar:/home/lamija/.m2/repository/org/springframework/boot/spring-boot-starter-jdbc/2.4.9/spring-boot-starter-jdbc-2.4.9.jar:/home/lamija/.m2/repository/com/zaxxer/HikariCP/3.4.5/HikariCP-3.4.5.jar:/home/lamija/.m2/repository/org/springframework/spring-jdbc/5.3.9/spring-jdbc-5.3.9.jar:/home/lamija/.m2/repository/jakarta/transaction/jakarta.transaction-api/1.3.3/jakarta.transaction-api-1.3.3.jar:/home/lamija/.m2/repository/jakarta/persistence/jakarta.persistence-api/2.2.3/jakarta.persistence-api-2.2.3.jar:/home/lamija/.m2/repository/org/hibernate/hibernate-core/5.4.32.Final/hibernate-core-5.4.32.Final.jar:/home/lamija/.m2/repository/org/jboss/logging/jboss-logging/3.4.2.Final/jboss-logging-3.4.2.Final.jar:/home/lamija/.m2/repository/org/javassist/javassist/3.27.0-GA/javassist-3.27.0-GA.jar:/home/lamija/.m2/repository/net/bytebuddy/byte-buddy/1.10.22/byte-buddy-1.10.22.jar:/home/lamija/.m2/repository/antlr/antlr/2.7.7/antlr-2.7.7.jar:/home/lamija/.m2/repository/org/jboss/jandex/2.2.3.Final/jandex-2.2.3.Final.jar:/home/lamija/.m2/repository/com/fasterxml/classmate/1.5.1/classmate-1.5.1.jar:/home/lamija/.m2/repository/org/dom4j/dom4j/2.1.3/dom4j-2.1.3.jar:/home/lamija/.m2/repository/org/hibernate/common/hibernate-commons-annotations/5.1.2.Final/hibernate-commons-annotations-5.1.2.Final.jar:/home/lamija/.m2/repository/org/glassfish/jaxb/jaxb-runtime/2.3.4/jaxb-runtime-2.3.4.jar:/home/lamija/.m2/repository/org/glassfish/jaxb/txw2/2.3.4/txw2-2.3.4.jar:/home/lamija/.m2/repository/com/sun/istack/istack-commons-runtime/3.0.12/istack-commons-runtime-3.0.12.jar:/home/lamija/.m2/repository/com/sun/activation/jakarta.activation/1.2.2/jakarta.activation-1.2.2.jar:/home/lamija/.m2/repository/org/springframework/data/spring-data-jpa/2.4.11/spring-data-jpa-2.4.11.jar:/home/lamija/.m2/repository/org/springframework/data/spring-data-commons/2.4.11/spring-data-commons-2.4.11.jar:/home/lamija/.m2/repository/org/springframework/spring-orm/5.3.9/spring-orm-5.3.9.jar:/home/lamija/.m2/repository/org/springframework/spring-tx/5.3.9/spring-tx-5.3.9.jar:/home/lamija/.m2/repository/org/springframework/spring-aspects/5.3.9/spring-aspects-5.3.9.jar:/home/lamija/.m2/repository/org/springframework/boot/spring-boot-starter-web/2.4.9/spring-boot-starter-web-2.4.9.jar:/home/lamija/.m2/repository/org/springframework/boot/spring-boot-starter/2.4.9/spring-boot-starter-2.4.9.jar:/home/lamija/.m2/repository/org/springframework/boot/spring-boot-starter-logging/2.4.9/spring-boot-starter-logging-2.4.9.jar:/home/lamija/.m2/repository/ch/qos/logback/logback-classic/1.2.4/logback-classic-1.2.4.jar:/home/lamija/.m2/repository/ch/qos/logback/logback-core/1.2.4/logback-core-1.2.4.jar:/home/lamija/.m2/repository/org/apache/logging/log4j/log4j-to-slf4j/2.13.3/log4j-to-slf4j-2.13.3.jar:/home/lamija/.m2/repository/org/apache/logging/log4j/log4j-api/2.13.3/log4j-api-2.13.3.jar:/home/lamija/.m2/repository/org/slf4j/jul-to-slf4j/1.7.32/jul-to-slf4j-1.7.32.jar:/home/lamija/.m2/repository/jakarta/annotation/jakarta.annotation-api/1.3.5/jakarta.annotation-api-1.3.5.jar:/home/lamija/.m2/repository/org/yaml/snakeyaml/1.27/snakeyaml-1.27.jar:/home/lamija/.m2/repository/org/springframework/boot/spring-boot-starter-json/2.4.9/spring-boot-starter-json-2.4.9.jar:/home/lamija/.m2/repository/com/fasterxml/jackson/datatype/jackson-datatype-jdk8/2.11.4/jackson-datatype-jdk8-2.11.4.jar:/home/lamija/.m2/repository/com/fasterxml/jackson/datatype/jackson-datatype-jsr310/2.11.4/jackson-datatype-jsr310-2.11.4.jar:/home/lamija/.m2/repository/com/fasterxml/jackson/module/jackson-module-parameter-names/2.11.4/jackson-module-parameter-names-2.11.4.jar:/home/lamija/.m2/repository/org/springframework/boot/spring-boot-starter-tomcat/2.4.9/spring-boot-starter-tomcat-2.4.9.jar:/home/lamija/.m2/repository/org/apache/tomcat/embed/tomcat-embed-core/9.0.50/tomcat-embed-core-9.0.50.jar:/home/lamija/.m2/repository/org/glassfish/jakarta.el/3.0.3/jakarta.el-3.0.3.jar:/home/lamija/.m2/repository/org/apache/tomcat/embed/tomcat-embed-websocket/9.0.50/tomcat-embed-websocket-9.0.50.jar:/home/lamija/.m2/repository/org/springframework/spring-web/5.3.9/spring-web-5.3.9.jar:/home/lamija/.m2/repository/org/springframework/spring-webmvc/5.3.9/spring-webmvc-5.3.9.jar:/home/lamija/.m2/repository/org/springframework/spring-expression/5.3.9/spring-expression-5.3.9.jar:/home/lamija/.m2/repository/org/springframework/boot/spring-boot-devtools/2.4.9/spring-boot-devtools-2.4.9.jar:/home/lamija/.m2/repository/org/springframework/boot/spring-boot/2.4.9/spring-boot-2.4.9.jar:/home/lamija/.m2/repository/org/springframework/boot/spring-boot-autoconfigure/2.4.9/spring-boot-autoconfigure-2.4.9.jar:/home/lamija/.m2/repository/com/h2database/h2/1.4.200/h2-1.4.200.jar:/home/lamija/.m2/repository/org/springframework/boot/spring-boot-starter-test/2.4.9/spring-boot-starter-test-2.4.9.jar:/home/lamija/.m2/repository/org/springframework/boot/spring-boot-test/2.4.9/spring-boot-test-2.4.9.jar:/home/lamija/.m2/repository/org/springframework/boot/spring-boot-test-autoconfigure/2.4.9/spring-boot-test-autoconfigure-2.4.9.jar:/home/lamija/.m2/repository/com/jayway/jsonpath/json-path/2.4.0/json-path-2.4.0.jar:/home/lamija/.m2/repository/jakarta/xml/bind/jakarta.xml.bind-api/2.3.3/jakarta.xml.bind-api-2.3.3.jar:/home/lamija/.m2/repository/jakarta/activation/jakarta.activation-api/1.2.2/jakarta.activation-api-1.2.2.jar:/home/lamija/.m2/repository/org/assertj/assertj-core/3.18.1/assertj-core-3.18.1.jar:/home/lamija/.m2/repository/org/hamcrest/hamcrest/2.2/hamcrest-2.2.jar:/home/lamija/.m2/repository/org/junit/jupiter/junit-jupiter/5.7.2/junit-jupiter-5.7.2.jar:/home/lamija/.m2/repository/org/junit/jupiter/junit-jupiter-api/5.7.2/junit-jupiter-api-5.7.2.jar:/home/lamija/.m2/repository/org/apiguardian/apiguardian-api/1.1.0/apiguardian-api-1.1.0.jar:/home/lamija/.m2/repository/org/opentest4j/opentest4j/1.2.0/opentest4j-1.2.0.jar:/home/lamija/.m2/repository/org/junit/platform/junit-platform-commons/1.7.2/junit-platform-commons-1.7.2.jar:/home/lamija/.m2/repository/org/junit/jupiter/junit-jupiter-params/5.7.2/junit-jupiter-params-5.7.2.jar:/home/lamija/.m2/repository/org/junit/jupiter/junit-jupiter-engine/5.7.2/junit-jupiter-engine-5.7.2.jar:/home/lamija/.m2/repository/org/junit/platform/junit-platform-engine/1.7.2/junit-platform-engine-1.7.2.jar:/home/lamija/.m2/repository/org/mockito/mockito-core/3.6.28/mockito-core-3.6.28.jar:/home/lamija/.m2/repository/net/bytebuddy/byte-buddy-agent/1.10.22/byte-buddy-agent-1.10.22.jar:/home/lamija/.m2/repository/org/objenesis/objenesis/3.1/objenesis-3.1.jar:/home/lamija/.m2/repository/org/mockito/mockito-junit-jupiter/3.6.28/mockito-junit-jupiter-3.6.28.jar:/home/lamija/.m2/repository/org/skyscreamer/jsonassert/1.5.0/jsonassert-1.5.0.jar:/home/lamija/.m2/repository/com/vaadin/external/google/android-json/0.0.20131108.vaadin1/android-json-0.0.20131108.vaadin1.jar:/home/lamija/.m2/repository/org/springframework/spring-core/5.3.9/spring-core-5.3.9.jar:/home/lamija/.m2/repository/org/springframework/spring-jcl/5.3.9/spring-jcl-5.3.9.jar:/home/lamija/.m2/repository/org/springframework/spring-test/5.3.9/spring-test-5.3.9.jar:/home/lamija/.m2/repository/org/xmlunit/xmlunit-core/2.7.0/xmlunit-core-2.7.0.jar:/home/lamija/.m2/repository/com/v-collaborate/validation.constraints/1.3.0/validation.constraints-1.3.0.jar:/home/lamija/.m2/repository/joda-time/joda-time/2.7/joda-time-2.7.jar:/home/lamija/.m2/repository/javax/validation/validation-api/2.0.1.Final/validation-api-2.0.1.Final.jar:/home/lamija/.m2/repository/org/springframework/hateoas/spring-hateoas/1.3.3/spring-hateoas-1.3.3.jar:/home/lamija/.m2/repository/org/springframework/spring-aop/5.3.9/spring-aop-5.3.9.jar:/home/lamija/.m2/repository/org/springframework/spring-beans/5.3.9/spring-beans-5.3.9.jar:/home/lamija/.m2/repository/org/springframework/spring-context/5.3.9/spring-context-5.3.9.jar:/home/lamija/.m2/repository/org/springframework/plugin/spring-plugin-core/2.0.0.RELEASE/spring-plugin-core-2.0.0.RELEASE.jar:/home/lamija/.m2/repository/net/minidev/json-smart/2.3.1/json-smart-2.3.1.jar:/home/lamija/.m2/repository/net/minidev/accessors-smart/2.3.1/accessors-smart-2.3.1.jar:/home/lamija/.m2/repository/org/ow2/asm/asm/5.0.4/asm-5.0.4.jar:/home/lamija/.m2/repository/org/slf4j/slf4j-api/1.7.32/slf4j-api-1.7.32.jar:/home/lamija/.m2/repository/org/springframework/boot/spring-boot-starter-security/2.4.9/spring-boot-starter-security-2.4.9.jar:/home/lamija/.m2/repository/org/springframework/security/spring-security-config/5.4.7/spring-security-config-5.4.7.jar:/home/lamija/.m2/repository/org/springframework/security/spring-security-core/5.4.7/spring-security-core-5.4.7.jar:/home/lamija/.m2/repository/org/springframework/security/spring-security-web/5.4.7/spring-security-web-5.4.7.jar:/home/lamija/.m2/repository/io/jsonwebtoken/jjwt/0.9.1/jjwt-0.9.1.jar:/home/lamija/.m2/repository/com/fasterxml/jackson/core/jackson-databind/2.11.4/jackson-databind-2.11.4.jar:/home/lamija/.m2/repository/com/fasterxml/jackson/core/jackson-annotations/2.11.4/jackson-annotations-2.11.4.jar:/home/lamija/.m2/repository/com/fasterxml/jackson/core/jackson-core/2.11.4/jackson-core-2.11.4.jar:/home/lamija/.m2/repository/javax/xml/bind/jaxb-api/2.3.0/jaxb-api-2.3.0.jar:"/>
    <property name="sun.cpu.endian" value="little"/>
    <property name="user.home" value="/home/lamija"/>
    <property name="user.language" value="en"/>
    <property name="java.specification.vendor" value="Oracle Corporation"/>
    <property name="java.version.date" value="2021-04-20"/>
    <property name="java.home" value="/usr/lib/jvm/java-11-openjdk-amd64"/>
    <property name="file.separator" value="/"/>
    <property name="basedir" value="/home/lamija/Documents/FAKULTET_MASTER/4_semestar/BloodDonation-backend"/>
    <property name="java.vm.compressedOopsMode" value="32-bit"/>
    <property name="line.separator" value="&#10;"/>
    <property name="java.specification.name" value="Java Platform API Specification"/>
    <property name="java.vm.specification.vendor" value="Oracle Corporation"/>
    <property name="java.awt.graphicsenv" value="sun.awt.X11GraphicsEnvironment"/>
    <property name="surefire.real.class.path" value="/home/lamija/Documents/FAKULTET_MASTER/4_semestar/BloodDonation-backend/target/surefire/surefirebooter10194902891447375827.jar"/>
    <property name="sun.management.compiler" value="HotSpot 64-Bit Tiered Compilers"/>
    <property name="java.runtime.version" value="11.0.11+9-Ubuntu-0ubuntu2.18.04"/>
    <property name="user.name" value="lamija"/>
    <property name="path.separator" value=":"/>
    <property name="os.version" value="4.4.0-116-generic"/>
    <property name="java.runtime.name" value="OpenJDK Runtime Environment"/>
    <property name="file.encoding" value="UTF-8"/>
    <property name="java.vm.name" value="OpenJDK 64-Bit Server VM"/>
    <property name="localRepository" value="/home/lamija/.m2/repository"/>
    <property name="java.vendor.url.bug" value="https://bugs.launchpad.net/ubuntu/+source/openjdk-lts"/>
    <property name="java.io.tmpdir" value="/tmp"/>
    <property name="java.version" value="11.0.11"/>
    <property name="user.dir" value="/home/lamija/Documents/FAKULTET_MASTER/4_semestar/BloodDonation-backend"/>
    <property name="os.arch" value="amd64"/>
    <property name="java.vm.specification.name" value="Java Virtual Machine Specification"/>
    <property name="java.awt.printerjob" value="sun.print.PSPrinterJob"/>
    <property name="sun.os.patch.level" value="unknown"/>
    <property name="java.library.path" value="/usr/java/packages/lib:/usr/lib/x86_64-linux-gnu/jni:/lib/x86_64-linux-gnu:/usr/lib/x86_64-linux-gnu:/usr/lib/jni:/lib:/usr/lib"/>
    <property name="java.vm.info" value="mixed mode, sharing"/>
    <property name="java.vendor" value="Ubuntu"/>
    <property name="java.vm.version" value="11.0.11+9-Ubuntu-0ubuntu2.18.04"/>
    <property name="sun.io.unicode.encoding" value="UnicodeLittle"/>
    <property name="java.class.version" value="55.0"/>
  </properties>
  <testcase name="contextLoads" classname="com.example.springbootbackend.SpringbootBackendApplicationTests" time="0.156"/>
</testsuite>